3sum
3sum-closest
4sum
add-binary
add-two-numbers
anagrams
balanced-binary-tree
best-time-to-buy-and-sell-stock
best-time-to-buy-and-sell-stock-ii
best-time-to-buy-and-sell-stock-iii
binary-search-tree-iterator
binary-tree-inorder-traversal
binary-tree-level-order-traversal
binary-tree-level-order-traversal-ii
binary-tree-maximum-path-sum
binary-tree-postorder-traversal
binary-tree-preorder-traversal
binary-tree-zigzag-level-order-traversal
candy
climbing-stairs
clone-graph
combinations
combination-sum
combination-sum-ii
compare-version-numbers
construct-binary-tree-from-inorder-and-postorder-traversal
construct-binary-tree-from-preorder-and-inorder-traversal
container-with-most-water
convert-sorted-array-to-binary-search-tree
convert-sorted-list-to-binary-search-tree
copy-list-with-random-pointer
count-and-say
decode-ways
distinct-subsequences
divide-two-integers
dungeon-game
edit-distance
evaluate-reverse-polish-notation
excel-sheet-column-number
excel-sheet-column-title
factorial-trailing-zeroes
find-minimum-in-rotated-sorted-array
find-minimum-in-rotated-sorted-array-ii
find-peak-element
first-missing-positive
flatten-binary-tree-to-linked-list
fraction-to-recurring-decimal
gas-station
generate-parentheses
gray-code
implement-strstr
insert-interval
insertion-sort-list
integer-to-roman
interleaving-string
intersection-of-two-linked-lists
jump-game
jump-game-ii
largest-number
largest-rectangle-in-histogram
length-of-last-word
letter-combinations-of-a-phone-number
linked-list-cycle
linked-list-cycle-ii
longest-common-prefix
longest-consecutive-sequence
longest-palindromic-substring
longest-substring-without-repeating-characters
longest-valid-parentheses
lru-cache
majority-element
maximal-rectangle
maximum-depth-of-binary-tree
maximum-gap
maximum-product-subarray
maximum-subarray
max-points-on-a-line
median-of-two-sorted-arrays
merge-intervals
merge-k-sorted-lists
merge-sorted-array
merge-two-sorted-lists
minimum-depth-of-binary-tree
minimum-path-sum
minimum-window-substring
min-stack
multiply-strings
next-permutation
n-queens
n-queens-ii
palindrome-number
palindrome-partitioning
palindrome-partitioning-ii
partition-list
pascals-triangle
pascals-triangle-ii
path-sum
path-sum-ii
permutations
permutation-sequence
permutations-ii
plus-one
populating-next-right-pointers-in-each-node
populating-next-right-pointers-in-each-node-ii
powx-n
recover-binary-search-tree
regular-expression-matching
remove-duplicates-from-sorted-array
remove-duplicates-from-sorted-array-ii
remove-duplicates-from-sorted-list
remove-duplicates-from-sorted-list-ii
remove-element
remove-nth-node-from-end-of-list
reorder-list
restore-ip-addresses
reverse-integer
reverse-linked-list-ii
reverse-nodes-in-k-group
reverse-words-in-a-string
roman-to-integer
rotate-image
rotate-list
same-tree
scramble-string
search-a-2d-matrix
search-for-a-range
search-in-rotated-sorted-array
search-in-rotated-sorted-array-ii
search-insert-position
set-matrix-zeroes
simplify-path
single-number
single-number-ii
sort-colors
sort-list
spiral-matrix
spiral-matrix-ii
sqrtx
string-to-integer-atoi
subsets
subsets-ii
substring-with-concatenation-of-all-words
sudoku-solver
sum-root-to-leaf-numbers
surrounded-regions
swap-nodes-in-pairs
symmetric-tree
text-justification
trapping-rain-water
triangle
two-sum
unique-binary-search-trees
unique-binary-search-trees-ii
unique-paths
unique-paths-ii
validate-binary-search-tree
valid-number
valid-palindrome
valid-parentheses
valid-sudoku
wildcard-matching
word-break
word-break-ii
word-ladder
word-ladder-ii
word-search
zigzag-conversion
