2-sum
3-sum
3-sum-closest
4-sum
a-b-problem
backpack
backpack-ii
binary-representation
binary-search
compare-strings
delete-digits
digit-counts
fast-power
find-a-peak
first-bad-version
fizz-buzz
hash-function
heapify
implement-iterator-of-binary-search-tree
implement-queue-by-stacks
insert-node-in-a-binary-search-tree
interleaving-positive-and-negative-numbers
k-sum
k-sum-ii
kth-largest-element
kth-prime-number
longest-common-subsequence
longest-common-substring
longest-increasing-subsequence
lowest-common-ancestor
majority-number
majority-number-ii
majority-number-iii
maximum-subarray-difference
maximum-subarray-ii
max-tree
median
median-ii
merge-sorted-array-ii
minimum-adjustment-cost
minimum-subarray
next-permuation
nth-to-last-node-in-list
number-triangle
o1-check-power-of-2
partition-array
previous-permuation
product-of-array-exclude-itself
recover-rotated-sorted-array
rehashing
remove-node-in-binary-search-tree
reverse-linked-list
rotate-string
search-a-2d-matrix-ii
search-range-in-binary-search-tree
serialization-and-deserialization-of-binary-tree
single-number-iii
sort-colors-ii
sort-letters-by-case
strstr
subarray-sum
subarray-sum-closest
topological-sorting
trailing-zeros
two-lists-sum
two-strings-are-anagrams
unique-characters
unique-permutations
unique-subsets
word-search-ii
word-segmentation
