2-sum
3-sum
3-sum-closest
4-sum
a-b-problem
anagrams
backpack
backpack-ii
balanced-binary-tree
best-time-to-buy-and-sell-stock
best-time-to-buy-and-sell-stock-ii
best-time-to-buy-and-sell-stock-iii
binary-search
binary-tree-inorder-traversal
binary-tree-level-order-traversal
binary-tree-level-order-traversal-ii
binary-tree-maximum-path-sum
binary-tree-postorder-traversal
binary-tree-preorder-traversal
binary-tree-zigzag-level-order-traversal
climbing-stairs
clone-graph
combinations
combination-sum
combination-sum-ii
compare-strings
construct-binary-tree-from-inorder-and-postorder-traversal
construct-binary-tree-from-preorder-and-inorder-traversal
convert-sorted-list-to-binary-search-tree
copy-list-with-random-pointer
digit-counts
distinct-subsequences
edit-distance
fast-power
find-a-peak
find-minimum-in-rotated-sorted-array
find-minimum-in-rotated-sorted-array-ii
first-bad-version
fizz-buzz
hash-function
heapify
implement-iterator-of-binary-search-tree
implement-queue-by-stacks
insert-interval
insert-node-in-a-binary-search-tree
interleaving-positive-and-negative-numbers
interleaving-string
jump-game
jump-game-ii
k-sum
k-sum-ii
kth-largest-element
kth-prime-number
largest-rectangle-in-histogram
linked-list-cycle
linked-list-cycle-ii
longest-common-subsequence
longest-common-substring
longest-consecutive-sequence
longest-increasing-subsequence
lowest-common-ancestor
lru-cache
majority-number
majority-number-ii
majority-number-iii
maximum-depth-of-binary-tree
maximum-subarray
maximum-subarray-difference
maximum-subarray-ii
maximum-subarray-iii
max-tree
median
median-ii
median-of-two-sorted-arrays
merge-k-sorted-lists
merge-sorted-array
merge-sorted-array-ii
merge-two-sorted-lists
minimum-adjustment-cost
minimum-depth-of-binary-tree
minimum-path-sum
minimum-subarray
minimum-window-substring
min-stack
next-permuation
n-queens
n-queens-ii
nth-to-last-node-in-list
number-triangle
o1-check-power-of-2
palindrome-partitioning
palindrome-partitioning-ii
partition-array
partition-list
permutations
previous-permuation
product-of-array-exclude-itself
recover-rotated-sorted-array
regular-expression-matching
rehashing
remove-duplicates-from-sorted-array
remove-duplicates-from-sorted-array-ii
remove-duplicates-from-sorted-list
remove-duplicates-from-sorted-list-ii
remove-node-in-binary-search-tree
remove-nth-node-from-end-of-list
reorder-list
reverse-linked-list
reverse-linked-list-ii
reverse-words-in-a-string
rotate-image
rotate-list
rotate-string
search-a-2d-matrix
search-a-2d-matrix-ii
search-for-a-range
search-in-rotated-sorted-array
search-in-rotated-sorted-array-ii
search-insert-position
search-range-in-binary-search-tree
serialization-and-deserialization-of-binary-tree
set-matrix-zeroes
single-number
single-number-ii
single-number-iii
sort-colors
sort-colors-ii
sort-letters-by-case
sort-list
sqrtx
strstr
subarray-sum
subarray-sum-closest
subsets
topological-sorting
trailing-zeros
two-lists-sum
two-strings-are-anagrams
unique-binary-search-trees
unique-binary-search-trees-ii
unique-characters
unique-paths
unique-paths-ii
unique-permutations
unique-subsets
validate-binary-search-tree
word-ladder
word-ladder-ii
word-search
word-search-ii
word-segmentation
